<?xml version="1.0" encoding="UTF-8"?>
<robot generator="Robot 6.0.2 (Python 3.11.1 on win32)" generated="20230217 21:08:25.788" rpa="false" schemaversion="3">
<suite id="s1" name="MemoApp Test" source="C:\development\robot-scripts\MemoApp\Tests\MemoApp_Test.robot">
<test id="s1-t1" name="Should be able to view TCOE BAU page" line="39">
<kw name="Begin Web Test" library="Common" type="SETUP">
<kw name="Open Browser" library="SeleniumLibrary">
<arg>about:blank</arg>
<arg>${BROWSER}</arg>
<doc>Opens a new browser instance to the optional ``url``.</doc>
<msg timestamp="20230217 21:08:26.234" level="INFO">Opening browser 'chrome' to base url 'about:blank'.</msg>
<status status="PASS" starttime="20230217 21:08:26.234" endtime="20230217 21:08:29.960"/>
</kw>
<kw name="Maximize Browser Window" library="SeleniumLibrary">
<doc>Maximizes current browser window.</doc>
<status status="PASS" starttime="20230217 21:08:29.960" endtime="20230217 21:08:30.084"/>
</kw>
<kw name="Navigate To Login Page" library="MemoApp">
<kw name="Navigate To Login" library="Login">
<kw name="Go To" library="SeleniumLibrary">
<arg>${URL.${ENVIRONMENT}}</arg>
<doc>Navigates the current browser window to the provided ``url``.</doc>
<msg timestamp="20230217 21:08:30.089" level="INFO">Opening url 'https://globe-alpha-memo.web.app/'</msg>
<status status="PASS" starttime="20230217 21:08:30.085" endtime="20230217 21:08:35.899"/>
</kw>
<status status="PASS" starttime="20230217 21:08:30.085" endtime="20230217 21:08:35.899"/>
</kw>
<kw name="Verify Login page" library="Login">
<kw name="Wait Until Page Contains" library="SeleniumLibrary">
<arg>${LOGIN_TEXT}</arg>
<doc>Waits until ``text`` appears on the current page.</doc>
<status status="PASS" starttime="20230217 21:08:35.901" endtime="20230217 21:08:35.926"/>
</kw>
<status status="PASS" starttime="20230217 21:08:35.901" endtime="20230217 21:08:35.929"/>
</kw>
<kw name="Click Sign In With Google" library="Login">
<kw name="Click Button" library="SeleniumLibrary">
<arg>xpath=//*[@id="root"]//button</arg>
<doc>Clicks the button identified by ``locator``.</doc>
<msg timestamp="20230217 21:08:35.929" level="INFO">Clicking button 'xpath=//*[@id="root"]//button'.</msg>
<status status="PASS" starttime="20230217 21:08:35.929" endtime="20230217 21:08:41.536"/>
</kw>
<status status="PASS" starttime="20230217 21:08:35.929" endtime="20230217 21:08:41.537"/>
</kw>
<status status="PASS" starttime="20230217 21:08:30.085" endtime="20230217 21:08:41.537"/>
</kw>
<kw name="Sleep" library="BuiltIn">
<arg>5s</arg>
<doc>Pauses the test executed for the given time.</doc>
<msg timestamp="20230217 21:08:46.538" level="INFO">Slept 5 seconds</msg>
<status status="PASS" starttime="20230217 21:08:41.537" endtime="20230217 21:08:46.538"/>
</kw>
<kw name="Login Using Creator Account" library="MemoApp">
<arg>${CREATOR}</arg>
<kw name="Enter User Creator Credentials" library="UserLogin">
<arg>${UserData}</arg>
<kw name="Fill Email" library="UserLogin">
<arg>${UserData.Email}</arg>
<kw name="Input Text" library="SeleniumLibrary">
<arg>${EMAIL_INPUT}</arg>
<arg>${Email}</arg>
<doc>Types the given ``text`` into the text field identified by ``locator``.</doc>
<msg timestamp="20230217 21:08:46.542" level="INFO">Typing text 'rpa-techno-prod-2@globe.com.ph' into text field 'xpath=//input[@type='email']'.</msg>
<status status="PASS" starttime="20230217 21:08:46.541" endtime="20230217 21:08:46.821"/>
</kw>
<status status="PASS" starttime="20230217 21:08:46.540" endtime="20230217 21:08:46.821"/>
</kw>
<kw name="Click Button" library="SeleniumLibrary">
<arg>xpath=//*[@id="identifierNext"]/div/button</arg>
<doc>Clicks the button identified by ``locator``.</doc>
<msg timestamp="20230217 21:08:46.821" level="INFO">Clicking button 'xpath=//*[@id="identifierNext"]/div/button'.</msg>
<status status="PASS" starttime="20230217 21:08:46.821" endtime="20230217 21:08:46.934"/>
</kw>
<kw name="Sleep" library="BuiltIn">
<arg>5s</arg>
<doc>Pauses the test executed for the given time.</doc>
<msg timestamp="20230217 21:08:51.935" level="INFO">Slept 5 seconds</msg>
<status status="PASS" starttime="20230217 21:08:46.935" endtime="20230217 21:08:51.935"/>
</kw>
<kw name="Fill Password" library="UserLogin">
<arg>${UserData.Password}</arg>
<kw name="Input Text" library="SeleniumLibrary">
<arg>${PASSWORD_INPUT}</arg>
<arg>${Password}</arg>
<doc>Types the given ``text`` into the text field identified by ``locator``.</doc>
<msg timestamp="20230217 21:08:51.939" level="INFO">Typing text 'Test12345_Pass!' into text field 'name=password'.</msg>
<status status="PASS" starttime="20230217 21:08:51.938" endtime="20230217 21:08:52.157"/>
</kw>
<status status="PASS" starttime="20230217 21:08:51.935" endtime="20230217 21:08:52.157"/>
</kw>
<kw name="Click Button" library="SeleniumLibrary">
<arg>xpath=//*[@id="passwordNext"]/div/button</arg>
<doc>Clicks the button identified by ``locator``.</doc>
<msg timestamp="20230217 21:08:52.157" level="INFO">Clicking button 'xpath=//*[@id="passwordNext"]/div/button'.</msg>
<status status="PASS" starttime="20230217 21:08:52.157" endtime="20230217 21:08:52.328"/>
</kw>
<kw name="Sleep" library="BuiltIn">
<arg>5s</arg>
<doc>Pauses the test executed for the given time.</doc>
<msg timestamp="20230217 21:08:57.329" level="INFO">Slept 5 seconds</msg>
<status status="PASS" starttime="20230217 21:08:52.328" endtime="20230217 21:08:57.329"/>
</kw>
<kw name="Click Button" library="SeleniumLibrary">
<arg>xpath=//*[@id="submit_approve_access"]/div/button</arg>
<doc>Clicks the button identified by ``locator``.</doc>
<msg timestamp="20230217 21:08:57.329" level="INFO">Clicking button 'xpath=//*[@id="submit_approve_access"]/div/button'.</msg>
<status status="PASS" starttime="20230217 21:08:57.329" endtime="20230217 21:08:58.592"/>
</kw>
<status status="PASS" starttime="20230217 21:08:46.539" endtime="20230217 21:08:58.592"/>
</kw>
<status status="PASS" starttime="20230217 21:08:46.538" endtime="20230217 21:08:58.592"/>
</kw>
<kw name="Sleep" library="BuiltIn">
<arg>20s</arg>
<doc>Pauses the test executed for the given time.</doc>
<msg timestamp="20230217 21:09:18.594" level="INFO">Slept 20 seconds</msg>
<status status="PASS" starttime="20230217 21:08:58.592" endtime="20230217 21:09:18.594"/>
</kw>
<status status="PASS" starttime="20230217 21:08:26.234" endtime="20230217 21:09:18.594"/>
</kw>
<kw name="Go to TCOE BAU Request Page" library="MemoApp">
<kw name="Click Create Memo Button" library="Homepage">
<kw name="Click Element" library="SeleniumLibrary">
<arg>${CREATE_MEMO}</arg>
<doc>Click the element identified by ``locator``.</doc>
<msg timestamp="20230217 21:09:18.599" level="INFO">Clicking element 'xpath=//button[contains(@data-testid, "create")]'.</msg>
<status status="PASS" starttime="20230217 21:09:18.594" endtime="20230217 21:09:18.718"/>
</kw>
<status status="PASS" starttime="20230217 21:09:18.594" endtime="20230217 21:09:18.718"/>
</kw>
<kw name="Sleep" library="BuiltIn">
<arg>7s</arg>
<doc>Pauses the test executed for the given time.</doc>
<msg timestamp="20230217 21:09:25.723" level="INFO">Slept 7 seconds</msg>
<status status="PASS" starttime="20230217 21:09:18.718" endtime="20230217 21:09:25.723"/>
</kw>
<kw name="Verify BAU Title" library="CreateMemo">
<kw name="Scroll Element Into View" library="SeleniumLibrary">
<arg>${TCOE_BAU_TITLE}</arg>
<doc>Scrolls the element identified by ``locator`` into view.</doc>
<status status="PASS" starttime="20230217 21:09:25.724" endtime="20230217 21:09:26.030"/>
</kw>
<status status="PASS" starttime="20230217 21:09:25.723" endtime="20230217 21:09:26.032"/>
</kw>
<kw name="Sleep" library="BuiltIn">
<arg>5s</arg>
<doc>Pauses the test executed for the given time.</doc>
<msg timestamp="20230217 21:09:31.033" level="INFO">Slept 5 seconds</msg>
<status status="PASS" starttime="20230217 21:09:26.032" endtime="20230217 21:09:31.033"/>
</kw>
<kw name="Click BAU Title" library="CreateMemo">
<kw name="Click Element" library="SeleniumLibrary">
<arg>${TCOE_BAU_TITLE}</arg>
<doc>Click the element identified by ``locator``.</doc>
<msg timestamp="20230217 21:09:31.033" level="INFO">Clicking element 'xpath=//h4[contains(text(), 'BAU')]'.</msg>
<status status="PASS" starttime="20230217 21:09:31.033" endtime="20230217 21:09:31.199"/>
</kw>
<status status="PASS" starttime="20230217 21:09:31.033" endtime="20230217 21:09:31.199"/>
</kw>
<kw name="Sleep" library="BuiltIn">
<arg>5s</arg>
<doc>Pauses the test executed for the given time.</doc>
<msg timestamp="20230217 21:09:36.204" level="INFO">Slept 5 seconds</msg>
<status status="PASS" starttime="20230217 21:09:31.204" endtime="20230217 21:09:36.204"/>
</kw>
<kw name="Verify BAU Service Message" library="ServiceRequest">
<kw name="Wait Until Element Is Visible" library="SeleniumLibrary">
<arg>${BAU_SERVICE_REQUEST}</arg>
<doc>Waits until the element ``locator`` is visible.</doc>
<status status="PASS" starttime="20230217 21:09:36.204" endtime="20230217 21:09:41.064"/>
</kw>
<status status="PASS" starttime="20230217 21:09:36.204" endtime="20230217 21:09:41.064"/>
</kw>
<kw name="Sleep" library="BuiltIn">
<arg>2s</arg>
<doc>Pauses the test executed for the given time.</doc>
<msg timestamp="20230217 21:09:43.064" level="INFO">Slept 2 seconds</msg>
<status status="PASS" starttime="20230217 21:09:41.064" endtime="20230217 21:09:43.064"/>
</kw>
<kw name="Verify Project Name Wildcard" library="ServiceRequest">
<kw name="Scroll Element Into View" library="SeleniumLibrary">
<arg>${PROJECT_NAME_WILDCARD}</arg>
<doc>Scrolls the element identified by ``locator`` into view.</doc>
<status status="PASS" starttime="20230217 21:09:43.064" endtime="20230217 21:09:43.377"/>
</kw>
<status status="PASS" starttime="20230217 21:09:43.064" endtime="20230217 21:09:43.377"/>
</kw>
<kw name="Sleep" library="BuiltIn">
<arg>2s</arg>
<doc>Pauses the test executed for the given time.</doc>
<msg timestamp="20230217 21:09:45.377" level="INFO">Slept 2 seconds</msg>
<status status="PASS" starttime="20230217 21:09:43.377" endtime="20230217 21:09:45.377"/>
</kw>
<kw name="Verify Subject Wildcard" library="ServiceRequest">
<kw name="Scroll Element Into View" library="SeleniumLibrary">
<arg>${SUBJECT_WILDCARD}</arg>
<doc>Scrolls the element identified by ``locator`` into view.</doc>
<status status="PASS" starttime="20230217 21:09:45.377" endtime="20230217 21:09:45.714"/>
</kw>
<status status="PASS" starttime="20230217 21:09:45.377" endtime="20230217 21:09:45.714"/>
</kw>
<kw name="Sleep" library="BuiltIn">
<arg>2s</arg>
<doc>Pauses the test executed for the given time.</doc>
<msg timestamp="20230217 21:09:47.716" level="INFO">Slept 2 seconds</msg>
<status status="PASS" starttime="20230217 21:09:45.714" endtime="20230217 21:09:47.716"/>
</kw>
<kw name="Verify Submit Button" library="ServiceRequest">
<kw name="Scroll Element Into View" library="SeleniumLibrary">
<arg>${SUBMIT_BUTTON}</arg>
<doc>Scrolls the element identified by ``locator`` into view.</doc>
<status status="PASS" starttime="20230217 21:09:47.716" endtime="20230217 21:09:48.036"/>
</kw>
<status status="PASS" starttime="20230217 21:09:47.716" endtime="20230217 21:09:48.036"/>
</kw>
<kw name="Sleep" library="BuiltIn">
<arg>2s</arg>
<doc>Pauses the test executed for the given time.</doc>
<msg timestamp="20230217 21:09:50.036" level="INFO">Slept 2 seconds</msg>
<status status="PASS" starttime="20230217 21:09:48.036" endtime="20230217 21:09:50.036"/>
</kw>
<kw name="Click Submit Button" library="ServiceRequest">
<kw name="Click Element" library="SeleniumLibrary">
<arg>${SUBMIT_BUTTON}</arg>
<doc>Click the element identified by ``locator``.</doc>
<msg timestamp="20230217 21:09:50.036" level="INFO">Clicking element 'submit'.</msg>
<status status="PASS" starttime="20230217 21:09:50.036" endtime="20230217 21:09:50.184"/>
</kw>
<status status="PASS" starttime="20230217 21:09:50.036" endtime="20230217 21:09:50.184"/>
</kw>
<kw name="Sleep" library="BuiltIn">
<arg>2s</arg>
<doc>Pauses the test executed for the given time.</doc>
<msg timestamp="20230217 21:09:52.185" level="INFO">Slept 2 seconds</msg>
<status status="PASS" starttime="20230217 21:09:50.184" endtime="20230217 21:09:52.185"/>
</kw>
<kw name="Verify Required Fields" library="ServiceRequest">
<kw name="Get WebElements" library="SeleniumLibrary">
<var>@{REQUIRED_LIST}</var>
<arg>${REQUIRED_FIELD}</arg>
<doc>Returns a list of WebElement objects matching the ``locator``.</doc>
<msg timestamp="20230217 21:09:52.207" level="INFO">@{REQUIRED_LIST} = [ &lt;selenium.webdriver.remote.webelement.WebElement (session="b477a8d5e697f12b36a98677f045356d", element="41e7a206-bf2b-454b-99c9-02669f22caa2")&gt; | &lt;selenium.webdriver.remote.webelement.WebElement (ses...</msg>
<status status="PASS" starttime="20230217 21:09:52.185" endtime="20230217 21:09:52.207"/>
</kw>
<kw name="Create List" library="BuiltIn">
<var>@{LIST}</var>
<doc>Returns a list containing given items.</doc>
<msg timestamp="20230217 21:09:52.214" level="INFO">@{LIST} = [ ]</msg>
<status status="PASS" starttime="20230217 21:09:52.207" endtime="20230217 21:09:52.214"/>
</kw>
<for flavor="IN">
<var>${REQUIRED_TEXT}</var>
<value>@{REQUIRED_LIST}</value>
<iter>
<var name="${REQUIRED_TEXT}">&lt;selenium.webdriver.remote.webelement.WebElement (session="b477a8d5e697f12b36a98677f045356d", element="41e7a206-bf2b-454b-99c9-02669f22caa2")&gt;</var>
<kw name="Get Text" library="SeleniumLibrary">
<var>${ALERT}</var>
<arg>${REQUIRED_TEXT}</arg>
<doc>Returns the text value of the element identified by ``locator``.</doc>
<msg timestamp="20230217 21:09:52.244" level="INFO">${ALERT} = This field is required</msg>
<status status="PASS" starttime="20230217 21:09:52.214" endtime="20230217 21:09:52.244"/>
</kw>
<kw name="Append To List" library="Collections">
<arg>${LIST}</arg>
<arg>${ALERT}</arg>
<doc>Adds ``values`` to the end of ``list``.</doc>
<status status="PASS" starttime="20230217 21:09:52.244" endtime="20230217 21:09:52.244"/>
</kw>
<status status="PASS" starttime="20230217 21:09:52.214" endtime="20230217 21:09:52.244"/>
</iter>
<iter>
<var name="${REQUIRED_TEXT}">&lt;selenium.webdriver.remote.webelement.WebElement (session="b477a8d5e697f12b36a98677f045356d", element="358fcef9-2e55-4986-badb-cc4343bcf16b")&gt;</var>
<kw name="Get Text" library="SeleniumLibrary">
<var>${ALERT}</var>
<arg>${REQUIRED_TEXT}</arg>
<doc>Returns the text value of the element identified by ``locator``.</doc>
<msg timestamp="20230217 21:09:52.282" level="INFO">${ALERT} = This field is required</msg>
<status status="PASS" starttime="20230217 21:09:52.244" endtime="20230217 21:09:52.282"/>
</kw>
<kw name="Append To List" library="Collections">
<arg>${LIST}</arg>
<arg>${ALERT}</arg>
<doc>Adds ``values`` to the end of ``list``.</doc>
<status status="PASS" starttime="20230217 21:09:52.283" endtime="20230217 21:09:52.284"/>
</kw>
<status status="PASS" starttime="20230217 21:09:52.244" endtime="20230217 21:09:52.284"/>
</iter>
<iter>
<var name="${REQUIRED_TEXT}">&lt;selenium.webdriver.remote.webelement.WebElement (session="b477a8d5e697f12b36a98677f045356d", element="83459a7f-a5dc-4d15-80ef-ac24d1472fc0")&gt;</var>
<kw name="Get Text" library="SeleniumLibrary">
<var>${ALERT}</var>
<arg>${REQUIRED_TEXT}</arg>
<doc>Returns the text value of the element identified by ``locator``.</doc>
<msg timestamp="20230217 21:09:52.315" level="INFO">${ALERT} = This field is required</msg>
<status status="PASS" starttime="20230217 21:09:52.284" endtime="20230217 21:09:52.315"/>
</kw>
<kw name="Append To List" library="Collections">
<arg>${LIST}</arg>
<arg>${ALERT}</arg>
<doc>Adds ``values`` to the end of ``list``.</doc>
<status status="PASS" starttime="20230217 21:09:52.315" endtime="20230217 21:09:52.315"/>
</kw>
<status status="PASS" starttime="20230217 21:09:52.284" endtime="20230217 21:09:52.315"/>
</iter>
<status status="PASS" starttime="20230217 21:09:52.214" endtime="20230217 21:09:52.315"/>
</for>
<kw name="Log To Console" library="BuiltIn">
<arg>${LIST}</arg>
<doc>Logs the given message to the console.</doc>
<status status="PASS" starttime="20230217 21:09:52.315" endtime="20230217 21:09:52.320"/>
</kw>
<status status="PASS" starttime="20230217 21:09:52.185" endtime="20230217 21:09:52.320"/>
</kw>
<status status="PASS" starttime="20230217 21:09:18.594" endtime="20230217 21:09:52.320"/>
</kw>
<kw name="Sleep" library="BuiltIn">
<arg>5s</arg>
<doc>Pauses the test executed for the given time.</doc>
<msg timestamp="20230217 21:09:57.321" level="INFO">Slept 5 seconds</msg>
<status status="PASS" starttime="20230217 21:09:52.320" endtime="20230217 21:09:57.321"/>
</kw>
<kw name="End Web Test" library="Common" type="TEARDOWN">
<kw name="Close Browser" library="SeleniumLibrary">
<doc>Closes the current browser.</doc>
<status status="PASS" starttime="20230217 21:09:57.321" endtime="20230217 21:10:00.255"/>
</kw>
<status status="PASS" starttime="20230217 21:09:57.321" endtime="20230217 21:10:00.255"/>
</kw>
<tag>landing</tag>
<status status="PASS" starttime="20230217 21:08:26.234" endtime="20230217 21:10:00.255"/>
</test>
<status status="PASS" starttime="20230217 21:08:25.794" endtime="20230217 21:10:00.259"/>
</suite>
<statistics>
<total>
<stat pass="1" fail="0" skip="0">All Tests</stat>
</total>
<tag>
<stat pass="1" fail="0" skip="0">landing</stat>
</tag>
<suite>
<stat pass="1" fail="0" skip="0" id="s1" name="MemoApp Test">MemoApp Test</stat>
</suite>
</statistics>
<errors>
</errors>
</robot>
